<?xml version="1.0" encoding="UTF-8"?>
<!-- Generated by org.testng.reporters.JUnitReportReporter -->
<testsuite hostname="MacBook-Pro.local" failures="0" tests="1" name="TestRunner.TestRunnerTestNG" time="15.331" errors="0" timestamp="2023-08-27T22:43:46 PDT" skipped="0">
  <testcase classname="TestRunner.TestRunnerTestNG" name="runScenario" time="15.331"/>
</testsuite> <!-- TestRunner.TestRunnerTestNG -->
