<?xml version="1.0" encoding="UTF-8"?>
<!-- Generated by org.testng.reporters.JUnitReportReporter -->
<testsuite hostname="MacBook-Pro.local" failures="0" tests="4" name="com.andoorathodi.MavenAugust2023.tests.DataProviderExcel" time="0.013" errors="0" timestamp="2023-08-28T18:45:00 PDT" skipped="0">
  <testcase classname="com.andoorathodi.MavenAugust2023.tests.DataProviderExcel" name="sample" time="0.002"/>
  <testcase classname="com.andoorathodi.MavenAugust2023.tests.DataProviderExcel" name="sample" time="0.009"/>
  <testcase classname="com.andoorathodi.MavenAugust2023.tests.DataProviderExcel" name="sample" time="0.001"/>
  <testcase classname="com.andoorathodi.MavenAugust2023.tests.DataProviderExcel" name="sample" time="0.001"/>
</testsuite> <!-- com.andoorathodi.MavenAugust2023.tests.DataProviderExcel -->
