<?xml version="1.0" encoding="UTF-8"?>
<!-- Generated by org.testng.reporters.JUnitReportReporter -->
<testsuite hostname="MacBook-Pro.local" failures="0" tests="1" name="com.andoorathodi.MavenAugust2023.StandAloneTestPageObject" time="27.969" errors="0" timestamp="2023-08-22T09:24:05 PDT" skipped="0">
  <testcase classname="com.andoorathodi.MavenAugust2023.StandAloneTestPageObject" name="standAloneTest" time="27.969"/>
</testsuite> <!-- com.andoorathodi.MavenAugust2023.StandAloneTestPageObject -->
