<?xml version="1.0" encoding="UTF-8"?>
<!-- Generated by org.testng.reporters.JUnitReportReporter -->
<testsuite hostname="MacBook-Pro.local" failures="0" tests="2" name="com.andoorathodi.MavenAugust2023.tests.NegeativeTEst" time="35.539" errors="0" timestamp="2023-08-29T11:28:40 PDT" skipped="1">
  <testcase classname="com.andoorathodi.MavenAugust2023.tests.NegeativeTEst" name="negativeScenario" time="19.707"/>
  <testcase classname="com.andoorathodi.MavenAugust2023.tests.NegeativeTEst" name="negativeScenario" time="15.832">
    <skipped/>
  </testcase> <!-- negativeScenario -->
</testsuite> <!-- com.andoorathodi.MavenAugust2023.tests.NegeativeTEst -->
