<?xml version="1.0" encoding="UTF-8"?>
<!-- Generated by org.testng.reporters.JUnitReportReporter -->
<testsuite hostname="MacBook-Pro.local" failures="0" tests="1" name="com.andoorathodi.MavenAugust2023.TestPageObjectTest" time="29.009" errors="0" timestamp="2023-08-22T11:22:23 PDT" skipped="0">
  <testcase classname="com.andoorathodi.MavenAugust2023.TestPageObjectTest" name="standAloneTest" time="29.009"/>
</testsuite> <!-- com.andoorathodi.MavenAugust2023.TestPageObjectTest -->
