<?xml version="1.0" encoding="UTF-8"?>
<!-- Generated by org.testng.reporters.JUnitReportReporter -->
<testsuite hostname="MacBook-Pro.local" failures="0" tests="3" name="com.andoorathodi.MavenAugust2023.tests.StandAloneTestPageObject" time="78.653" errors="0" timestamp="2023-08-29T11:28:40 PDT" skipped="0">
  <testcase classname="com.andoorathodi.MavenAugust2023.tests.StandAloneTestPageObject" name="standAloneTest" time="29.181"/>
  <testcase classname="com.andoorathodi.MavenAugust2023.tests.StandAloneTestPageObject" name="verifyOrderPresent" time="19.197"/>
  <testcase classname="com.andoorathodi.MavenAugust2023.tests.StandAloneTestPageObject" name="standAloneTest" time="30.275"/>
</testsuite> <!-- com.andoorathodi.MavenAugust2023.tests.StandAloneTestPageObject -->
