<?xml version="1.0" encoding="UTF-8"?>
<!-- Generated by org.testng.reporters.JUnitReportReporter -->
<testsuite hostname="MacBook-Pro.local" failures="0" tests="1" name="com.andoorathodi.MavenAugust2023.NegeativeTEst" time="15.267" errors="0" timestamp="2023-08-18T20:09:32 PDT" skipped="0">
  <testcase classname="com.andoorathodi.MavenAugust2023.NegeativeTEst" name="standAloneTest" time="15.267"/>
</testsuite> <!-- com.andoorathodi.MavenAugust2023.NegeativeTEst -->
